<?xml version="1.0" encoding="UTF-8"?>
<testsuite name="com.hackerthon5.avengers_BE.AvengersBeApplicationTests" tests="1" skipped="0" failures="0" errors="0" timestamp="2025-05-07T07:17:40.162Z" hostname="SOYUN" time="0.847">
  <properties/>
  <testcase name="contextLoads()" classname="com.hackerthon5.avengers_BE.AvengersBeApplicationTests" time="0.847"/>
  <system-out><![CDATA[16:17:32.872 [Test worker] INFO org.springframework.test.context.support.AnnotationConfigContextLoaderUtils -- Could not detect default configuration classes for test class [com.hackerthon5.avengers_BE.AvengersBeApplicationTests]: AvengersBeApplicationTests does not declare any static, non-private, non-final, nested classes annotated with @Configuration.
16:17:33.080 [Test worker] INFO org.springframework.boot.test.context.SpringBootTestContextBootstrapper -- Found @SpringBootConfiguration com.hackerthon5.avengers_BE.AvengersBeApplication for test class com.hackerthon5.avengers_BE.AvengersBeApplicationTests

  .   ____          _            __ _ _
 /\\ / ___'_ __ _ _(_)_ __  __ _ \ \ \ \
( ( )\___ | '_ | '_| | '_ \/ _` | \ \ \ \
 \\/  ___)| |_)| | | | | || (_| |  ) ) ) )
  '  |____| .__|_| |_|_| |_\__, | / / / /
 =========|_|==============|___/=/_/_/_/

 :: Spring Boot ::               (v3.3.11)

2025-05-07T16:17:34.014+09:00  INFO 3892 --- [    Test worker] c.h.a.AvengersBeApplicationTests         : Starting AvengersBeApplicationTests using Java 17 with PID 3892 (started by ehous in C:\Users\ehous\IdeaProjects\hackerthon_avengers\avengers_BE)
2025-05-07T16:17:34.018+09:00  INFO 3892 --- [    Test worker] c.h.a.AvengersBeApplicationTests         : No active profile set, falling back to 1 default profile: "default"
2025-05-07T16:17:35.376+09:00  INFO 3892 --- [    Test worker] .s.d.r.c.RepositoryConfigurationDelegate : Bootstrapping Spring Data JPA repositories in DEFAULT mode.
2025-05-07T16:17:35.430+09:00  INFO 3892 --- [    Test worker] .s.d.r.c.RepositoryConfigurationDelegate : Finished Spring Data repository scanning in 36 ms. Found 0 JPA repository interfaces.
2025-05-07T16:17:36.164+09:00  INFO 3892 --- [    Test worker] o.hibernate.jpa.internal.util.LogHelper  : HHH000204: Processing PersistenceUnitInfo [name: default]
2025-05-07T16:17:36.290+09:00  INFO 3892 --- [    Test worker] org.hibernate.Version                    : HHH000412: Hibernate ORM core version 6.5.3.Final
2025-05-07T16:17:36.402+09:00  INFO 3892 --- [    Test worker] o.h.c.internal.RegionFactoryInitiator    : HHH000026: Second-level cache disabled
2025-05-07T16:17:37.063+09:00  INFO 3892 --- [    Test worker] o.s.o.j.p.SpringPersistenceUnitInfo      : No LoadTimeWeaver setup: ignoring JPA class transformer
2025-05-07T16:17:37.159+09:00  INFO 3892 --- [    Test worker] com.zaxxer.hikari.HikariDataSource       : HikariPool-1 - Starting...
2025-05-07T16:17:37.498+09:00  INFO 3892 --- [    Test worker] com.zaxxer.hikari.pool.HikariPool        : HikariPool-1 - Added connection com.mysql.cj.jdbc.ConnectionImpl@2c815fdc
2025-05-07T16:17:37.502+09:00  INFO 3892 --- [    Test worker] com.zaxxer.hikari.HikariDataSource       : HikariPool-1 - Start completed.
2025-05-07T16:17:37.567+09:00  WARN 3892 --- [    Test worker] org.hibernate.orm.deprecation            : HHH90000025: MySQL8Dialect does not need to be specified explicitly using 'hibernate.dialect' (remove the property setting and it will be selected by default)
2025-05-07T16:17:37.568+09:00  WARN 3892 --- [    Test worker] org.hibernate.orm.deprecation            : HHH90000026: MySQL8Dialect has been deprecated; use org.hibernate.dialect.MySQLDialect instead
2025-05-07T16:17:38.715+09:00  INFO 3892 --- [    Test worker] o.h.e.t.j.p.i.JtaPlatformInitiator       : HHH000489: No JTA platform available (set 'hibernate.transaction.jta.platform' to enable JTA platform integration)
Hibernate: 
    create table movie (
        id bigint not null auto_increment,
        description varchar(255) not null,
        genre varchar(255) not null,
        popularity float(53) not null,
        poster_path varchar(255) not null,
        release_date date not null,
        title varchar(255) not null,
        primary key (id)
    ) engine=InnoDB
2025-05-07T16:17:38.860+09:00  INFO 3892 --- [    Test worker] j.LocalContainerEntityManagerFactoryBean : Initialized JPA EntityManagerFactory for persistence unit 'default'
2025-05-07T16:17:39.286+09:00  WARN 3892 --- [    Test worker] JpaBaseConfiguration$JpaWebConfiguration : spring.jpa.open-in-view is enabled by default. Therefore, database queries may be performed during view rendering. Explicitly configure spring.jpa.open-in-view to disable this warning
2025-05-07T16:17:40.129+09:00  INFO 3892 --- [    Test worker] c.h.a.AvengersBeApplicationTests         : Started AvengersBeApplicationTests in 6.741 seconds (process running for 8.954)
]]></system-out>
  <system-err><![CDATA[]]></system-err>
</testsuite>
